CRITICAL - 2025-03-13 03:59:14 --> ErrorException: Declaration of App\Cells\ArtikelTerkini::render() must be compatible with CodeIgniter\View\Cell::render(string $library, $params = null, int $ttl = 0, ?string $cacheName = null): string
[Method: GET, Route: artikel]
in APPPATH\Cells\ArtikelTerkini.php on line 7.
 1 [internal function]: CodeIgniter\Debug\Exceptions->shutdownHandler()
CRITICAL - 2025-03-13 04:01:26 --> ArgumentCountError: Too few arguments to function CodeIgniter\View\Cell::__construct(), 0 passed in C:\xampp\htdocs\lab11_ci\ci4\system\Config\Factories.php on line 152 and exactly 1 expected
[Method: GET, Route: artikel]
in SYSTEMPATH\View\Cell.php on line 62.
 1 SYSTEMPATH\Config\Factories.php(152): CodeIgniter\View\Cell->__construct()
 2 SYSTEMPATH\View\Cell.php(186): CodeIgniter\Config\Factories::__callStatic('cells', [])
 3 SYSTEMPATH\View\Cell.php(79): CodeIgniter\View\Cell->determineClass('App\\Cells\\ArtikelTerkini:render')
 4 SYSTEMPATH\Common.php(1189): CodeIgniter\View\Cell->render('App\\Cells\\ArtikelTerkini::render', null, 0, null)
 5 APPPATH\Views\layout\main.php(26): view_cell('App\\Cells\\ArtikelTerkini::render')
 6 SYSTEMPATH\View\View.php(224): include('C:\\xampp\\htdocs\\lab11_ci\\ci4\\app\\Views\\layout\\main.php')
 7 SYSTEMPATH\View\View.php(227): CodeIgniter\View\View->CodeIgniter\View\{closure}()
 8 SYSTEMPATH\View\View.php(240): CodeIgniter\View\View->render('layout/main', [], true)
 9 SYSTEMPATH\Common.php(1173): CodeIgniter\View\View->render('artikel/index', [], true)
10 APPPATH\Controllers\Artikel.php(16): view('artikel/index', [...])
11 SYSTEMPATH\CodeIgniter.php(933): App\Controllers\Artikel->index()
12 SYSTEMPATH\CodeIgniter.php(507): CodeIgniter\CodeIgniter->runController(Object(App\Controllers\Artikel))
13 SYSTEMPATH\CodeIgniter.php(354): CodeIgniter\CodeIgniter->handleRequest(null, Object(Config\Cache), false)
14 SYSTEMPATH\Boot.php(334): CodeIgniter\CodeIgniter->run()
15 SYSTEMPATH\Boot.php(67): CodeIgniter\Boot::runCodeIgniter(Object(CodeIgniter\CodeIgniter))
16 FCPATH\index.php(56): CodeIgniter\Boot::bootWeb(Object(Config\Paths))
17 SYSTEMPATH\rewrite.php(44): require_once('C:\\xampp\\htdocs\\lab11_ci\\ci4\\public\\index.php')
CRITICAL - 2025-03-13 04:05:14 --> ArgumentCountError: Too few arguments to function App\Cells\ArtikelTerkini::__construct(), 0 passed in C:\xampp\htdocs\lab11_ci\ci4\system\Config\Factories.php on line 152 and exactly 1 expected
[Method: GET, Route: artikel]
in APPPATH\Cells\ArtikelTerkini.php on line 12.
 1 SYSTEMPATH\Config\Factories.php(152): App\Cells\ArtikelTerkini->__construct()
 2 SYSTEMPATH\View\Cell.php(186): CodeIgniter\Config\Factories::__callStatic('cells', [])
 3 SYSTEMPATH\View\Cell.php(79): CodeIgniter\View\Cell->determineClass('App\\Cells\\ArtikelTerkini:render')
 4 SYSTEMPATH\Common.php(1189): CodeIgniter\View\Cell->render('App\\Cells\\ArtikelTerkini::render', null, 0, null)
 5 APPPATH\Views\layout\main.php(26): view_cell('App\\Cells\\ArtikelTerkini::render')
 6 SYSTEMPATH\View\View.php(224): include('C:\\xampp\\htdocs\\lab11_ci\\ci4\\app\\Views\\layout\\main.php')
 7 SYSTEMPATH\View\View.php(227): CodeIgniter\View\View->CodeIgniter\View\{closure}()
 8 SYSTEMPATH\View\View.php(240): CodeIgniter\View\View->render('layout/main', [], true)
 9 SYSTEMPATH\Common.php(1173): CodeIgniter\View\View->render('artikel/index', [], true)
10 APPPATH\Controllers\Artikel.php(16): view('artikel/index', [...])
11 SYSTEMPATH\CodeIgniter.php(933): App\Controllers\Artikel->index()
12 SYSTEMPATH\CodeIgniter.php(507): CodeIgniter\CodeIgniter->runController(Object(App\Controllers\Artikel))
13 SYSTEMPATH\CodeIgniter.php(354): CodeIgniter\CodeIgniter->handleRequest(null, Object(Config\Cache), false)
14 SYSTEMPATH\Boot.php(334): CodeIgniter\CodeIgniter->run()
15 SYSTEMPATH\Boot.php(67): CodeIgniter\Boot::runCodeIgniter(Object(CodeIgniter\CodeIgniter))
16 FCPATH\index.php(56): CodeIgniter\Boot::bootWeb(Object(Config\Paths))
17 SYSTEMPATH\rewrite.php(44): require_once('C:\\xampp\\htdocs\\lab11_ci\\ci4\\public\\index.php')
CRITICAL - 2025-03-13 04:06:35 --> ArgumentCountError: Too few arguments to function App\Cells\ArtikelTerkini::render(), 0 passed in C:\xampp\htdocs\lab11_ci\ci4\system\View\Cell.php on line 307 and at least 1 expected
[Method: GET, Route: artikel]
in APPPATH\Cells\ArtikelTerkini.php on line 21.
 1 SYSTEMPATH\View\Cell.php(307): App\Cells\ArtikelTerkini->render()
 2 SYSTEMPATH\View\Cell.php(104): CodeIgniter\View\Cell->renderSimpleClass(Object(App\Cells\ArtikelTerkini), 'render', [], 'App\\Cells\\ArtikelTerkini')
 3 SYSTEMPATH\Common.php(1189): CodeIgniter\View\Cell->render('App\\Cells\\ArtikelTerkini::render', [], 0, 'AppCellsArtikelTerkinirender40cd750bba9870f18aada2478b24840a')
 4 APPPATH\Views\layout\main.php(26): view_cell('App\\Cells\\ArtikelTerkini::render')
 5 SYSTEMPATH\View\View.php(224): include('C:\\xampp\\htdocs\\lab11_ci\\ci4\\app\\Views\\layout\\main.php')
 6 SYSTEMPATH\View\View.php(227): CodeIgniter\View\View->CodeIgniter\View\{closure}()
 7 SYSTEMPATH\View\View.php(240): CodeIgniter\View\View->render('layout/main', [], true)
 8 SYSTEMPATH\Common.php(1173): CodeIgniter\View\View->render('artikel/index', [], true)
 9 APPPATH\Controllers\Artikel.php(16): view('artikel/index', [...])
10 SYSTEMPATH\CodeIgniter.php(933): App\Controllers\Artikel->index()
11 SYSTEMPATH\CodeIgniter.php(507): CodeIgniter\CodeIgniter->runController(Object(App\Controllers\Artikel))
12 SYSTEMPATH\CodeIgniter.php(354): CodeIgniter\CodeIgniter->handleRequest(null, Object(Config\Cache), false)
13 SYSTEMPATH\Boot.php(334): CodeIgniter\CodeIgniter->run()
14 SYSTEMPATH\Boot.php(67): CodeIgniter\Boot::runCodeIgniter(Object(CodeIgniter\CodeIgniter))
15 FCPATH\index.php(56): CodeIgniter\Boot::bootWeb(Object(Config\Paths))
16 SYSTEMPATH\rewrite.php(44): require_once('C:\\xampp\\htdocs\\lab11_ci\\ci4\\public\\index.php')
CRITICAL - 2025-03-13 04:13:43 --> ErrorException: Declaration of App\Cells\ArtikelTerkini::render() must be compatible with CodeIgniter\View\Cell::render(string $library, $params = null, int $ttl = 0, ?string $cacheName = null): string
[Method: GET, Route: artikel]
in APPPATH\Cells\ArtikelTerkini.php on line 8.
 1 [internal function]: CodeIgniter\Debug\Exceptions->shutdownHandler()
CRITICAL - 2025-03-13 04:13:46 --> ErrorException: Declaration of App\Cells\ArtikelTerkini::render() must be compatible with CodeIgniter\View\Cell::render(string $library, $params = null, int $ttl = 0, ?string $cacheName = null): string
[Method: GET, Route: artikel]
in APPPATH\Cells\ArtikelTerkini.php on line 8.
 1 [internal function]: CodeIgniter\Debug\Exceptions->shutdownHandler()
CRITICAL - 2025-03-13 04:14:26 --> ErrorException: Declaration of App\Cells\ArtikelTerkini::render() must be compatible with CodeIgniter\View\Cell::render(string $library, $params = null, int $ttl = 0, ?string $cacheName = null): string
[Method: GET, Route: artikel]
in APPPATH\Cells\ArtikelTerkini.php on line 8.
 1 [internal function]: CodeIgniter\Debug\Exceptions->shutdownHandler()
CRITICAL - 2025-03-13 04:16:57 --> ArgumentCountError: Too few arguments to function CodeIgniter\View\Cell::__construct(), 0 passed in C:\xampp\htdocs\lab11_ci\ci4\system\Config\Factories.php on line 152 and exactly 1 expected
[Method: GET, Route: artikel]
in SYSTEMPATH\View\Cell.php on line 62.
 1 SYSTEMPATH\Config\Factories.php(152): CodeIgniter\View\Cell->__construct()
 2 SYSTEMPATH\View\Cell.php(186): CodeIgniter\Config\Factories::__callStatic('cells', [])
 3 SYSTEMPATH\View\Cell.php(79): CodeIgniter\View\Cell->determineClass('App\\Cells\\ArtikelTerkini:render')
 4 SYSTEMPATH\Common.php(1189): CodeIgniter\View\Cell->render('App\\Cells\\ArtikelTerkini::render', null, 0, null)
 5 APPPATH\Views\layout\main.php(24): view_cell('App\\Cells\\ArtikelTerkini::render')
 6 SYSTEMPATH\View\View.php(224): include('C:\\xampp\\htdocs\\lab11_ci\\ci4\\app\\Views\\layout\\main.php')
 7 SYSTEMPATH\View\View.php(227): CodeIgniter\View\View->CodeIgniter\View\{closure}()
 8 SYSTEMPATH\View\View.php(240): CodeIgniter\View\View->render('layout/main', [], true)
 9 SYSTEMPATH\Common.php(1173): CodeIgniter\View\View->render('artikel/index', [], true)
10 APPPATH\Controllers\Artikel.php(16): view('artikel/index', [...])
11 SYSTEMPATH\CodeIgniter.php(933): App\Controllers\Artikel->index()
12 SYSTEMPATH\CodeIgniter.php(507): CodeIgniter\CodeIgniter->runController(Object(App\Controllers\Artikel))
13 SYSTEMPATH\CodeIgniter.php(354): CodeIgniter\CodeIgniter->handleRequest(null, Object(Config\Cache), false)
14 SYSTEMPATH\Boot.php(334): CodeIgniter\CodeIgniter->run()
15 SYSTEMPATH\Boot.php(67): CodeIgniter\Boot::runCodeIgniter(Object(CodeIgniter\CodeIgniter))
16 FCPATH\index.php(56): CodeIgniter\Boot::bootWeb(Object(Config\Paths))
17 SYSTEMPATH\rewrite.php(44): require_once('C:\\xampp\\htdocs\\lab11_ci\\ci4\\public\\index.php')
CRITICAL - 2025-03-13 04:19:17 --> ArgumentCountError: Too few arguments to function App\Cells\ArtikelTerkini::render(), 0 passed in C:\xampp\htdocs\lab11_ci\ci4\system\View\Cell.php on line 307 and at least 1 expected
[Method: GET, Route: artikel]
in APPPATH\Cells\ArtikelTerkini.php on line 15.
 1 SYSTEMPATH\View\Cell.php(307): App\Cells\ArtikelTerkini->render()
 2 SYSTEMPATH\View\Cell.php(104): CodeIgniter\View\Cell->renderSimpleClass(Object(App\Cells\ArtikelTerkini), 'render', [], 'App\\Cells\\ArtikelTerkini')
 3 SYSTEMPATH\Common.php(1189): CodeIgniter\View\Cell->render('App\\Cells\\ArtikelTerkini::render', [], 0, 'AppCellsArtikelTerkinirender40cd750bba9870f18aada2478b24840a')
 4 APPPATH\Views\layout\main.php(24): view_cell('App\\Cells\\ArtikelTerkini::render')
 5 SYSTEMPATH\View\View.php(224): include('C:\\xampp\\htdocs\\lab11_ci\\ci4\\app\\Views\\layout\\main.php')
 6 SYSTEMPATH\View\View.php(227): CodeIgniter\View\View->CodeIgniter\View\{closure}()
 7 SYSTEMPATH\View\View.php(240): CodeIgniter\View\View->render('layout/main', [], true)
 8 SYSTEMPATH\Common.php(1173): CodeIgniter\View\View->render('artikel/index', [], true)
 9 APPPATH\Controllers\Artikel.php(16): view('artikel/index', [...])
10 SYSTEMPATH\CodeIgniter.php(933): App\Controllers\Artikel->index()
11 SYSTEMPATH\CodeIgniter.php(507): CodeIgniter\CodeIgniter->runController(Object(App\Controllers\Artikel))
12 SYSTEMPATH\CodeIgniter.php(354): CodeIgniter\CodeIgniter->handleRequest(null, Object(Config\Cache), false)
13 SYSTEMPATH\Boot.php(334): CodeIgniter\CodeIgniter->run()
14 SYSTEMPATH\Boot.php(67): CodeIgniter\Boot::runCodeIgniter(Object(CodeIgniter\CodeIgniter))
15 FCPATH\index.php(56): CodeIgniter\Boot::bootWeb(Object(Config\Paths))
16 SYSTEMPATH\rewrite.php(44): require_once('C:\\xampp\\htdocs\\lab11_ci\\ci4\\public\\index.php')
